Starting Single Run, Sweeps and Corners...

Current time: Mon May  5 16:21:42 2025 
Best design point: 2
Design specs: 
	ece483_sp23_ldo_model_1	corner	Nominal - 
	Phase Margin		48.45	No
	gmp		132.3m
	VDC("/Vout")		1.2
Design parameters: 

Best design point: 1
Design specs: 
	ece483_sp23_ldo_model_1	corner	Nominal - 
	Phase Margin		62.74	Yes
	gmp		132.9m
	VDC("/Vout")		1.201
Design parameters: 

ExplorerRun.0
Number of points completed: 2
Number of simulation errors: 0
ExplorerRun.0 completed. 
Current time: Mon May  5 16:21:55 2025 
